<soapenv:Envelope xmlns:test="http://rapasoft.eu/webservice/test"
				  xmlns:soapenv="http://schemas.xmlsoap.org/soap/envelope/">
	<soapenv:Header>
		<wsse:Security xmlns:wsse="http://docs.oasis-open.org/wss/2004/01/oasis-200401-wss-wssecurity-secext-1.0.xsd" soapenv:mustUnderstand="1">
			<wsse:UsernameToken>
				<wsse:Username>user</wsse:Username>
				<wsse:Password>password</wsse:Password>
			</wsse:UsernameToken>
		</wsse:Security>
	</soapenv:Header>
	<soapenv:Body>
		<test:sampleRequest />
	</soapenv:Body>
</soapenv:Envelope>